<?xml version="1.0" encoding="UTF-8"?>
<testng-results skipped="0" failed="3" ignored="0" total="15" passed="12">
  <reporter-output>
  </reporter-output>
  <suite name="Default suite" duration-ms="106185" started-at="2021-07-02T23:03:00 IST" finished-at="2021-07-02T23:04:46 IST">
    <groups>
    </groups>
    <test name="Default test" duration-ms="106185" started-at="2021-07-02T23:03:00 IST" finished-at="2021-07-02T23:04:46 IST">
      <class name="com.chatak.qa.test.LoginTest">
        <test-method status="PASS" signature="initialize()[pri:0, instance:com.chatak.qa.test.LoginTest@27a8c74e]" name="initialize" is-config="true" duration-ms="3981" started-at="2021-07-02T23:03:00 IST" finished-at="2021-07-02T23:03:04 IST">
          <reporter-output>
          </reporter-output>
        </test-method> <!-- initialize -->
        <test-method status="PASS" signature="LoginTC002()[pri:0, instance:com.chatak.qa.test.LoginTest@27a8c74e]" name="LoginTC002" duration-ms="2595" started-at="2021-07-02T23:03:04 IST" description="Verify whether user is able to Login with valid Username and Password" finished-at="2021-07-02T23:03:06 IST">
          <reporter-output>
          </reporter-output>
        </test-method> <!-- LoginTC002 -->
        <test-method status="PASS" signature="tearDown()[pri:0, instance:com.chatak.qa.test.LoginTest@27a8c74e]" name="tearDown" is-config="true" duration-ms="980" started-at="2021-07-02T23:03:06 IST" finished-at="2021-07-02T23:03:07 IST">
          <reporter-output>
          </reporter-output>
        </test-method> <!-- tearDown -->
        <test-method status="PASS" signature="initialize()[pri:0, instance:com.chatak.qa.test.LoginTest@27a8c74e]" name="initialize" is-config="true" duration-ms="2844" started-at="2021-07-02T23:03:07 IST" finished-at="2021-07-02T23:03:10 IST">
          <reporter-output>
          </reporter-output>
        </test-method> <!-- initialize -->
        <test-method status="PASS" signature="LoginTC003()[pri:0, instance:com.chatak.qa.test.LoginTest@27a8c74e]" name="LoginTC003" duration-ms="986" started-at="2021-07-02T23:03:10 IST" description="Verify whether user is able to Login with invalid Username and valid Password" finished-at="2021-07-02T23:03:11 IST">
          <reporter-output>
          </reporter-output>
        </test-method> <!-- LoginTC003 -->
        <test-method status="PASS" signature="tearDown()[pri:0, instance:com.chatak.qa.test.LoginTest@27a8c74e]" name="tearDown" is-config="true" duration-ms="768" started-at="2021-07-02T23:03:11 IST" finished-at="2021-07-02T23:03:12 IST">
          <reporter-output>
          </reporter-output>
        </test-method> <!-- tearDown -->
        <test-method status="PASS" signature="initialize()[pri:0, instance:com.chatak.qa.test.LoginTest@27a8c74e]" name="initialize" is-config="true" duration-ms="2839" started-at="2021-07-02T23:03:12 IST" finished-at="2021-07-02T23:03:15 IST">
          <reporter-output>
          </reporter-output>
        </test-method> <!-- initialize -->
        <test-method status="PASS" signature="LoginTC004()[pri:0, instance:com.chatak.qa.test.LoginTest@27a8c74e]" name="LoginTC004" duration-ms="797" started-at="2021-07-02T23:03:15 IST" description="Verify whether user is able to Login with valid Username and invalid Password" finished-at="2021-07-02T23:03:15 IST">
          <reporter-output>
          </reporter-output>
        </test-method> <!-- LoginTC004 -->
        <test-method status="PASS" signature="tearDown()[pri:0, instance:com.chatak.qa.test.LoginTest@27a8c74e]" name="tearDown" is-config="true" duration-ms="745" started-at="2021-07-02T23:03:15 IST" finished-at="2021-07-02T23:03:16 IST">
          <reporter-output>
          </reporter-output>
        </test-method> <!-- tearDown -->
        <test-method status="PASS" signature="initialize()[pri:0, instance:com.chatak.qa.test.LoginTest@27a8c74e]" name="initialize" is-config="true" duration-ms="3418" started-at="2021-07-02T23:03:16 IST" finished-at="2021-07-02T23:03:20 IST">
          <reporter-output>
          </reporter-output>
        </test-method> <!-- initialize -->
        <test-method status="PASS" signature="LoginTC005()[pri:0, instance:com.chatak.qa.test.LoginTest@27a8c74e]" name="LoginTC005" duration-ms="1154" started-at="2021-07-02T23:03:20 IST" description="Verify whether user is able to Login with invalid Username and invalid Password" finished-at="2021-07-02T23:03:21 IST">
          <reporter-output>
          </reporter-output>
        </test-method> <!-- LoginTC005 -->
        <test-method status="PASS" signature="tearDown()[pri:0, instance:com.chatak.qa.test.LoginTest@27a8c74e]" name="tearDown" is-config="true" duration-ms="785" started-at="2021-07-02T23:03:21 IST" finished-at="2021-07-02T23:03:21 IST">
          <reporter-output>
          </reporter-output>
        </test-method> <!-- tearDown -->
        <test-method status="PASS" signature="initialize()[pri:0, instance:com.chatak.qa.test.LoginTest@27a8c74e]" name="initialize" is-config="true" duration-ms="3117" started-at="2021-07-02T23:03:21 IST" finished-at="2021-07-02T23:03:25 IST">
          <reporter-output>
          </reporter-output>
        </test-method> <!-- initialize -->
        <test-method status="PASS" signature="LoginTC006()[pri:0, instance:com.chatak.qa.test.LoginTest@27a8c74e]" name="LoginTC006" duration-ms="798" started-at="2021-07-02T23:03:25 IST" description="Verify whether user is able to login without passing any values to username and password fields" finished-at="2021-07-02T23:03:25 IST">
          <reporter-output>
          </reporter-output>
        </test-method> <!-- LoginTC006 -->
        <test-method status="PASS" signature="tearDown()[pri:0, instance:com.chatak.qa.test.LoginTest@27a8c74e]" name="tearDown" is-config="true" duration-ms="760" started-at="2021-07-02T23:03:25 IST" finished-at="2021-07-02T23:03:26 IST">
          <reporter-output>
          </reporter-output>
        </test-method> <!-- tearDown -->
        <test-method status="PASS" signature="initialize()[pri:0, instance:com.chatak.qa.test.LoginTest@27a8c74e]" name="initialize" is-config="true" duration-ms="2831" started-at="2021-07-02T23:03:26 IST" finished-at="2021-07-02T23:03:29 IST">
          <reporter-output>
          </reporter-output>
        </test-method> <!-- initialize -->
        <test-method status="PASS" signature="LoginTC007()[pri:0, instance:com.chatak.qa.test.LoginTest@27a8c74e]" name="LoginTC007" duration-ms="804" started-at="2021-07-02T23:03:29 IST" description="Verify whether user is able to login with blank Username and Valid Password" finished-at="2021-07-02T23:03:30 IST">
          <reporter-output>
          </reporter-output>
        </test-method> <!-- LoginTC007 -->
        <test-method status="PASS" signature="tearDown()[pri:0, instance:com.chatak.qa.test.LoginTest@27a8c74e]" name="tearDown" is-config="true" duration-ms="759" started-at="2021-07-02T23:03:30 IST" finished-at="2021-07-02T23:03:31 IST">
          <reporter-output>
          </reporter-output>
        </test-method> <!-- tearDown -->
        <test-method status="PASS" signature="initialize()[pri:0, instance:com.chatak.qa.test.LoginTest@27a8c74e]" name="initialize" is-config="true" duration-ms="2881" started-at="2021-07-02T23:03:31 IST" finished-at="2021-07-02T23:03:33 IST">
          <reporter-output>
          </reporter-output>
        </test-method> <!-- initialize -->
        <test-method status="PASS" signature="LoginTC008()[pri:0, instance:com.chatak.qa.test.LoginTest@27a8c74e]" name="LoginTC008" duration-ms="836" started-at="2021-07-02T23:03:33 IST" description="Verify whether user is able to login with valid Username and blank Password" finished-at="2021-07-02T23:03:34 IST">
          <reporter-output>
          </reporter-output>
        </test-method> <!-- LoginTC008 -->
        <test-method status="PASS" signature="tearDown()[pri:0, instance:com.chatak.qa.test.LoginTest@27a8c74e]" name="tearDown" is-config="true" duration-ms="775" started-at="2021-07-02T23:03:34 IST" finished-at="2021-07-02T23:03:35 IST">
          <reporter-output>
          </reporter-output>
        </test-method> <!-- tearDown -->
        <test-method status="PASS" signature="initialize()[pri:0, instance:com.chatak.qa.test.LoginTest@27a8c74e]" name="initialize" is-config="true" duration-ms="3001" started-at="2021-07-02T23:03:35 IST" finished-at="2021-07-02T23:03:38 IST">
          <reporter-output>
          </reporter-output>
        </test-method> <!-- initialize -->
        <test-method status="PASS" signature="LoginTC013()[pri:0, instance:com.chatak.qa.test.LoginTest@27a8c74e]" name="LoginTC013" duration-ms="928" started-at="2021-07-02T23:03:38 IST" description="Verify the error message when a blocked user is trying to login" finished-at="2021-07-02T23:03:39 IST">
          <reporter-output>
          </reporter-output>
        </test-method> <!-- LoginTC013 -->
        <test-method status="PASS" signature="tearDown()[pri:0, instance:com.chatak.qa.test.LoginTest@27a8c74e]" name="tearDown" is-config="true" duration-ms="737" started-at="2021-07-02T23:03:39 IST" finished-at="2021-07-02T23:03:40 IST">
          <reporter-output>
          </reporter-output>
        </test-method> <!-- tearDown -->
        <test-method status="PASS" signature="initialize()[pri:0, instance:com.chatak.qa.test.LoginTest@27a8c74e]" name="initialize" is-config="true" duration-ms="2713" started-at="2021-07-02T23:03:40 IST" finished-at="2021-07-02T23:03:42 IST">
          <reporter-output>
          </reporter-output>
        </test-method> <!-- initialize -->
        <test-method status="PASS" signature="LoginTC015()[pri:0, instance:com.chatak.qa.test.LoginTest@27a8c74e]" name="LoginTC015" duration-ms="827" started-at="2021-07-02T23:03:42 IST" description="Verify whether user is able to login, when user is in suspended status" finished-at="2021-07-02T23:03:43 IST">
          <reporter-output>
          </reporter-output>
        </test-method> <!-- LoginTC015 -->
        <test-method status="PASS" signature="tearDown()[pri:0, instance:com.chatak.qa.test.LoginTest@27a8c74e]" name="tearDown" is-config="true" duration-ms="951" started-at="2021-07-02T23:03:43 IST" finished-at="2021-07-02T23:03:44 IST">
          <reporter-output>
          </reporter-output>
        </test-method> <!-- tearDown -->
        <test-method status="PASS" signature="initialize()[pri:0, instance:com.chatak.qa.test.LoginTest@27a8c74e]" name="initialize" is-config="true" duration-ms="2937" started-at="2021-07-02T23:03:44 IST" finished-at="2021-07-02T23:03:47 IST">
          <reporter-output>
          </reporter-output>
        </test-method> <!-- initialize -->
        <test-method status="PASS" signature="LoginTC016()[pri:0, instance:com.chatak.qa.test.LoginTest@27a8c74e]" name="LoginTC016" duration-ms="966" started-at="2021-07-02T23:03:47 IST" description="Verify whether user is able to login, when user is in deleted" finished-at="2021-07-02T23:03:48 IST">
          <reporter-output>
          </reporter-output>
        </test-method> <!-- LoginTC016 -->
        <test-method status="PASS" signature="tearDown()[pri:0, instance:com.chatak.qa.test.LoginTest@27a8c74e]" name="tearDown" is-config="true" duration-ms="782" started-at="2021-07-02T23:03:48 IST" finished-at="2021-07-02T23:03:49 IST">
          <reporter-output>
          </reporter-output>
        </test-method> <!-- tearDown -->
        <test-method status="PASS" signature="initialize()[pri:0, instance:com.chatak.qa.test.LoginTest@27a8c74e]" name="initialize" is-config="true" duration-ms="2685" started-at="2021-07-02T23:03:49 IST" finished-at="2021-07-02T23:03:52 IST">
          <reporter-output>
          </reporter-output>
        </test-method> <!-- initialize -->
        <test-method status="PASS" signature="LoginTC_017()[pri:0, instance:com.chatak.qa.test.LoginTest@27a8c74e]" name="LoginTC_017" duration-ms="1793" started-at="2021-07-02T23:03:52 IST" description="Verify the application behavior after clicking on Refresh button" finished-at="2021-07-02T23:03:53 IST">
          <reporter-output>
          </reporter-output>
        </test-method> <!-- LoginTC_017 -->
        <test-method status="PASS" signature="tearDown()[pri:0, instance:com.chatak.qa.test.LoginTest@27a8c74e]" name="tearDown" is-config="true" duration-ms="769" started-at="2021-07-02T23:03:53 IST" finished-at="2021-07-02T23:03:54 IST">
          <reporter-output>
          </reporter-output>
        </test-method> <!-- tearDown -->
      </class> <!-- com.chatak.qa.test.LoginTest -->
      <class name="com.chatak.qa.test.LogoutTest">
        <test-method status="PASS" signature="initialize()[pri:0, instance:com.chatak.qa.test.LogoutTest@2d8f65a4]" name="initialize" is-config="true" duration-ms="2869" started-at="2021-07-02T23:03:54 IST" finished-at="2021-07-02T23:03:57 IST">
          <reporter-output>
          </reporter-output>
        </test-method> <!-- initialize -->
        <test-method status="PASS" signature="LogoutTC001()[pri:0, instance:com.chatak.qa.test.LogoutTest@2d8f65a4]" name="LogoutTC001" duration-ms="3254" started-at="2021-07-02T23:03:57 IST" description="Verify the application behavior when user click on Logout button." finished-at="2021-07-02T23:04:00 IST">
          <reporter-output>
          </reporter-output>
        </test-method> <!-- LogoutTC001 -->
        <test-method status="PASS" signature="tearDown()[pri:0, instance:com.chatak.qa.test.LogoutTest@2d8f65a4]" name="tearDown" is-config="true" duration-ms="1245" started-at="2021-07-02T23:04:00 IST" finished-at="2021-07-02T23:04:02 IST">
          <reporter-output>
          </reporter-output>
        </test-method> <!-- tearDown -->
        <test-method status="PASS" signature="initialize()[pri:0, instance:com.chatak.qa.test.LogoutTest@2d8f65a4]" name="initialize" is-config="true" duration-ms="2667" started-at="2021-07-02T23:04:02 IST" finished-at="2021-07-02T23:04:04 IST">
          <reporter-output>
          </reporter-output>
        </test-method> <!-- initialize -->
        <test-method status="FAIL" signature="LogoutTC002()[pri:0, instance:com.chatak.qa.test.LogoutTest@2d8f65a4]" name="LogoutTC002" duration-ms="11023" started-at="2021-07-02T23:04:04 IST" description="Verify user is able to navigate to login screen by clicking on the Login link available in the screen after successful logout" finished-at="2021-07-02T23:04:15 IST">
          <exception class="org.openqa.selenium.NoSuchElementException">
            <message>
              <![CDATA[no such element: Unable to locate element: {"method":"xpath","selector":"//a[normalize-space()='Logout']"}
  (Session info: chrome=91.0.4472.114)
For documentation on this error, please visit: http://seleniumhq.org/exceptions/no_such_element.html
Build info: version: '3.14.0', revision: 'aacccce0', time: '2018-08-02T20:19:58.91Z'
System info: host: 'KS-SUHAS-PC', ip: '10.212.134.104', os.name: 'Windows 10', os.arch: 'amd64', os.version: '10.0', java.version: '1.8.0_231'
Driver info: org.openqa.selenium.chrome.ChromeDriver
Capabilities {acceptInsecureCerts: false, browserName: chrome, browserVersion: 91.0.4472.114, chrome: {chromedriverVersion: 90.0.4430.24 (4c6d850f087da..., userDataDir: C:\Users\GSPLKL~1\AppData\L...}, goog:chromeOptions: {debuggerAddress: localhost:64370}, javascriptEnabled: true, networkConnectionEnabled: false, pageLoadStrategy: normal, platform: WINDOWS, platformName: WINDOWS, proxy: Proxy(), setWindowRect: true, strictFileInteractability: false, timeouts: {implicit: 0, pageLoad: 300000, script: 30000}, unhandledPromptBehavior: dismiss and notify, webauthn:extension:largeBlob: true, webauthn:virtualAuthenticators: true}
Session ID: 0f02002a542743cdba8a552170aaf2d0
*** Element info: {Using=xpath, value=//a[normalize-space()='Logout']}]]>
            </message>
            <full-stacktrace>
              <![CDATA[org.openqa.selenium.NoSuchElementException: no such element: Unable to locate element: {"method":"xpath","selector":"//a[normalize-space()='Logout']"}
  (Session info: chrome=91.0.4472.114)
For documentation on this error, please visit: http://seleniumhq.org/exceptions/no_such_element.html
Build info: version: '3.14.0', revision: 'aacccce0', time: '2018-08-02T20:19:58.91Z'
System info: host: 'KS-SUHAS-PC', ip: '10.212.134.104', os.name: 'Windows 10', os.arch: 'amd64', os.version: '10.0', java.version: '1.8.0_231'
Driver info: org.openqa.selenium.chrome.ChromeDriver
Capabilities {acceptInsecureCerts: false, browserName: chrome, browserVersion: 91.0.4472.114, chrome: {chromedriverVersion: 90.0.4430.24 (4c6d850f087da..., userDataDir: C:\Users\GSPLKL~1\AppData\L...}, goog:chromeOptions: {debuggerAddress: localhost:64370}, javascriptEnabled: true, networkConnectionEnabled: false, pageLoadStrategy: normal, platform: WINDOWS, platformName: WINDOWS, proxy: Proxy(), setWindowRect: true, strictFileInteractability: false, timeouts: {implicit: 0, pageLoad: 300000, script: 30000}, unhandledPromptBehavior: dismiss and notify, webauthn:extension:largeBlob: true, webauthn:virtualAuthenticators: true}
Session ID: 0f02002a542743cdba8a552170aaf2d0
*** Element info: {Using=xpath, value=//a[normalize-space()='Logout']}
at sun.reflect.NativeConstructorAccessorImpl.newInstance0(Native Method)
at sun.reflect.NativeConstructorAccessorImpl.newInstance(Unknown Source)
at sun.reflect.DelegatingConstructorAccessorImpl.newInstance(Unknown Source)
at java.lang.reflect.Constructor.newInstance(Unknown Source)
at org.openqa.selenium.remote.http.W3CHttpResponseCodec.createException(W3CHttpResponseCodec.java:187)
at org.openqa.selenium.remote.http.W3CHttpResponseCodec.decode(W3CHttpResponseCodec.java:122)
at org.openqa.selenium.remote.http.W3CHttpResponseCodec.decode(W3CHttpResponseCodec.java:49)
at org.openqa.selenium.remote.HttpCommandExecutor.execute(HttpCommandExecutor.java:158)
at org.openqa.selenium.remote.service.DriverCommandExecutor.execute(DriverCommandExecutor.java:83)
at org.openqa.selenium.remote.RemoteWebDriver.execute(RemoteWebDriver.java:548)
at org.openqa.selenium.remote.RemoteWebDriver.findElement(RemoteWebDriver.java:322)
at org.openqa.selenium.remote.RemoteWebDriver.findElementByXPath(RemoteWebDriver.java:424)
at org.openqa.selenium.By$ByXPath.findElement(By.java:353)
at org.openqa.selenium.remote.RemoteWebDriver.findElement(RemoteWebDriver.java:314)
at org.openqa.selenium.support.pagefactory.DefaultElementLocator.findElement(DefaultElementLocator.java:69)
at org.openqa.selenium.support.pagefactory.internal.LocatingElementHandler.invoke(LocatingElementHandler.java:38)
at com.sun.proxy.$Proxy10.click(Unknown Source)
at com.chatak.qa.test.LogoutTest.LogoutTC002(LogoutTest.java:49)
at sun.reflect.NativeMethodAccessorImpl.invoke0(Native Method)
at sun.reflect.NativeMethodAccessorImpl.invoke(Unknown Source)
at sun.reflect.DelegatingMethodAccessorImpl.invoke(Unknown Source)
at java.lang.reflect.Method.invoke(Unknown Source)
at org.testng.internal.MethodInvocationHelper.invokeMethod(MethodInvocationHelper.java:132)
at org.testng.internal.TestInvoker.invokeMethod(TestInvoker.java:599)
at org.testng.internal.TestInvoker.invokeTestMethod(TestInvoker.java:174)
at org.testng.internal.MethodRunner.runInSequence(MethodRunner.java:46)
at org.testng.internal.TestInvoker$MethodInvocationAgent.invoke(TestInvoker.java:822)
at org.testng.internal.TestInvoker.invokeTestMethods(TestInvoker.java:147)
at org.testng.internal.TestMethodWorker.invokeTestMethods(TestMethodWorker.java:146)
at org.testng.internal.TestMethodWorker.run(TestMethodWorker.java:128)
at java.util.ArrayList.forEach(Unknown Source)
at org.testng.TestRunner.privateRun(TestRunner.java:764)
at org.testng.TestRunner.run(TestRunner.java:585)
at org.testng.SuiteRunner.runTest(SuiteRunner.java:384)
at org.testng.SuiteRunner.runSequentially(SuiteRunner.java:378)
at org.testng.SuiteRunner.privateRun(SuiteRunner.java:337)
at org.testng.SuiteRunner.run(SuiteRunner.java:286)
at org.testng.SuiteRunnerWorker.runSuite(SuiteRunnerWorker.java:53)
at org.testng.SuiteRunnerWorker.run(SuiteRunnerWorker.java:96)
at org.testng.TestNG.runSuitesSequentially(TestNG.java:1218)
at org.testng.TestNG.runSuitesLocally(TestNG.java:1140)
at org.testng.TestNG.runSuites(TestNG.java:1069)
at org.testng.TestNG.run(TestNG.java:1037)
at org.testng.remote.AbstractRemoteTestNG.run(AbstractRemoteTestNG.java:115)
at org.testng.remote.RemoteTestNG.initAndRun(RemoteTestNG.java:251)
at org.testng.remote.RemoteTestNG.main(RemoteTestNG.java:77)
]]>
            </full-stacktrace>
          </exception> <!-- org.openqa.selenium.NoSuchElementException -->
          <reporter-output>
          </reporter-output>
        </test-method> <!-- LogoutTC002 -->
        <test-method status="PASS" signature="tearDown()[pri:0, instance:com.chatak.qa.test.LogoutTest@2d8f65a4]" name="tearDown" is-config="true" duration-ms="806" started-at="2021-07-02T23:04:15 IST" finished-at="2021-07-02T23:04:16 IST">
          <reporter-output>
          </reporter-output>
        </test-method> <!-- tearDown -->
        <test-method status="PASS" signature="initialize()[pri:0, instance:com.chatak.qa.test.LogoutTest@2d8f65a4]" name="initialize" is-config="true" duration-ms="2834" started-at="2021-07-02T23:04:16 IST" finished-at="2021-07-02T23:04:19 IST">
          <reporter-output>
          </reporter-output>
        </test-method> <!-- initialize -->
        <test-method status="FAIL" signature="LogoutTC003()[pri:0, instance:com.chatak.qa.test.LogoutTest@2d8f65a4]" name="LogoutTC003" duration-ms="11139" started-at="2021-07-02T23:04:19 IST" description="Verify the application behavior when user clicks on browser back button after successful logout." finished-at="2021-07-02T23:04:30 IST">
          <exception class="org.openqa.selenium.NoSuchElementException">
            <message>
              <![CDATA[no such element: Unable to locate element: {"method":"xpath","selector":"//a[normalize-space()='Logout']"}
  (Session info: chrome=91.0.4472.114)
For documentation on this error, please visit: http://seleniumhq.org/exceptions/no_such_element.html
Build info: version: '3.14.0', revision: 'aacccce0', time: '2018-08-02T20:19:58.91Z'
System info: host: 'KS-SUHAS-PC', ip: '10.212.134.104', os.name: 'Windows 10', os.arch: 'amd64', os.version: '10.0', java.version: '1.8.0_231'
Driver info: org.openqa.selenium.chrome.ChromeDriver
Capabilities {acceptInsecureCerts: false, browserName: chrome, browserVersion: 91.0.4472.114, chrome: {chromedriverVersion: 90.0.4430.24 (4c6d850f087da..., userDataDir: C:\Users\GSPLKL~1\AppData\L...}, goog:chromeOptions: {debuggerAddress: localhost:60300}, javascriptEnabled: true, networkConnectionEnabled: false, pageLoadStrategy: normal, platform: WINDOWS, platformName: WINDOWS, proxy: Proxy(), setWindowRect: true, strictFileInteractability: false, timeouts: {implicit: 0, pageLoad: 300000, script: 30000}, unhandledPromptBehavior: dismiss and notify, webauthn:extension:largeBlob: true, webauthn:virtualAuthenticators: true}
Session ID: 2f216b2de46943db47d6b6d82a6c284f
*** Element info: {Using=xpath, value=//a[normalize-space()='Logout']}]]>
            </message>
            <full-stacktrace>
              <![CDATA[org.openqa.selenium.NoSuchElementException: no such element: Unable to locate element: {"method":"xpath","selector":"//a[normalize-space()='Logout']"}
  (Session info: chrome=91.0.4472.114)
For documentation on this error, please visit: http://seleniumhq.org/exceptions/no_such_element.html
Build info: version: '3.14.0', revision: 'aacccce0', time: '2018-08-02T20:19:58.91Z'
System info: host: 'KS-SUHAS-PC', ip: '10.212.134.104', os.name: 'Windows 10', os.arch: 'amd64', os.version: '10.0', java.version: '1.8.0_231'
Driver info: org.openqa.selenium.chrome.ChromeDriver
Capabilities {acceptInsecureCerts: false, browserName: chrome, browserVersion: 91.0.4472.114, chrome: {chromedriverVersion: 90.0.4430.24 (4c6d850f087da..., userDataDir: C:\Users\GSPLKL~1\AppData\L...}, goog:chromeOptions: {debuggerAddress: localhost:60300}, javascriptEnabled: true, networkConnectionEnabled: false, pageLoadStrategy: normal, platform: WINDOWS, platformName: WINDOWS, proxy: Proxy(), setWindowRect: true, strictFileInteractability: false, timeouts: {implicit: 0, pageLoad: 300000, script: 30000}, unhandledPromptBehavior: dismiss and notify, webauthn:extension:largeBlob: true, webauthn:virtualAuthenticators: true}
Session ID: 2f216b2de46943db47d6b6d82a6c284f
*** Element info: {Using=xpath, value=//a[normalize-space()='Logout']}
at sun.reflect.NativeConstructorAccessorImpl.newInstance0(Native Method)
at sun.reflect.NativeConstructorAccessorImpl.newInstance(Unknown Source)
at sun.reflect.DelegatingConstructorAccessorImpl.newInstance(Unknown Source)
at java.lang.reflect.Constructor.newInstance(Unknown Source)
at org.openqa.selenium.remote.http.W3CHttpResponseCodec.createException(W3CHttpResponseCodec.java:187)
at org.openqa.selenium.remote.http.W3CHttpResponseCodec.decode(W3CHttpResponseCodec.java:122)
at org.openqa.selenium.remote.http.W3CHttpResponseCodec.decode(W3CHttpResponseCodec.java:49)
at org.openqa.selenium.remote.HttpCommandExecutor.execute(HttpCommandExecutor.java:158)
at org.openqa.selenium.remote.service.DriverCommandExecutor.execute(DriverCommandExecutor.java:83)
at org.openqa.selenium.remote.RemoteWebDriver.execute(RemoteWebDriver.java:548)
at org.openqa.selenium.remote.RemoteWebDriver.findElement(RemoteWebDriver.java:322)
at org.openqa.selenium.remote.RemoteWebDriver.findElementByXPath(RemoteWebDriver.java:424)
at org.openqa.selenium.By$ByXPath.findElement(By.java:353)
at org.openqa.selenium.remote.RemoteWebDriver.findElement(RemoteWebDriver.java:314)
at org.openqa.selenium.support.pagefactory.DefaultElementLocator.findElement(DefaultElementLocator.java:69)
at org.openqa.selenium.support.pagefactory.internal.LocatingElementHandler.invoke(LocatingElementHandler.java:38)
at com.sun.proxy.$Proxy10.click(Unknown Source)
at com.chatak.qa.test.LogoutTest.LogoutTC003(LogoutTest.java:60)
at sun.reflect.NativeMethodAccessorImpl.invoke0(Native Method)
at sun.reflect.NativeMethodAccessorImpl.invoke(Unknown Source)
at sun.reflect.DelegatingMethodAccessorImpl.invoke(Unknown Source)
at java.lang.reflect.Method.invoke(Unknown Source)
at org.testng.internal.MethodInvocationHelper.invokeMethod(MethodInvocationHelper.java:132)
at org.testng.internal.TestInvoker.invokeMethod(TestInvoker.java:599)
at org.testng.internal.TestInvoker.invokeTestMethod(TestInvoker.java:174)
at org.testng.internal.MethodRunner.runInSequence(MethodRunner.java:46)
at org.testng.internal.TestInvoker$MethodInvocationAgent.invoke(TestInvoker.java:822)
at org.testng.internal.TestInvoker.invokeTestMethods(TestInvoker.java:147)
at org.testng.internal.TestMethodWorker.invokeTestMethods(TestMethodWorker.java:146)
at org.testng.internal.TestMethodWorker.run(TestMethodWorker.java:128)
at java.util.ArrayList.forEach(Unknown Source)
at org.testng.TestRunner.privateRun(TestRunner.java:764)
at org.testng.TestRunner.run(TestRunner.java:585)
at org.testng.SuiteRunner.runTest(SuiteRunner.java:384)
at org.testng.SuiteRunner.runSequentially(SuiteRunner.java:378)
at org.testng.SuiteRunner.privateRun(SuiteRunner.java:337)
at org.testng.SuiteRunner.run(SuiteRunner.java:286)
at org.testng.SuiteRunnerWorker.runSuite(SuiteRunnerWorker.java:53)
at org.testng.SuiteRunnerWorker.run(SuiteRunnerWorker.java:96)
at org.testng.TestNG.runSuitesSequentially(TestNG.java:1218)
at org.testng.TestNG.runSuitesLocally(TestNG.java:1140)
at org.testng.TestNG.runSuites(TestNG.java:1069)
at org.testng.TestNG.run(TestNG.java:1037)
at org.testng.remote.AbstractRemoteTestNG.run(AbstractRemoteTestNG.java:115)
at org.testng.remote.RemoteTestNG.initAndRun(RemoteTestNG.java:251)
at org.testng.remote.RemoteTestNG.main(RemoteTestNG.java:77)
]]>
            </full-stacktrace>
          </exception> <!-- org.openqa.selenium.NoSuchElementException -->
          <reporter-output>
          </reporter-output>
        </test-method> <!-- LogoutTC003 -->
        <test-method status="PASS" signature="tearDown()[pri:0, instance:com.chatak.qa.test.LogoutTest@2d8f65a4]" name="tearDown" is-config="true" duration-ms="832" started-at="2021-07-02T23:04:30 IST" finished-at="2021-07-02T23:04:31 IST">
          <reporter-output>
          </reporter-output>
        </test-method> <!-- tearDown -->
        <test-method status="PASS" signature="initialize()[pri:0, instance:com.chatak.qa.test.LogoutTest@2d8f65a4]" name="initialize" is-config="true" duration-ms="2905" started-at="2021-07-02T23:04:31 IST" finished-at="2021-07-02T23:04:34 IST">
          <reporter-output>
          </reporter-output>
        </test-method> <!-- initialize -->
        <test-method status="FAIL" signature="LogoutTC005()[pri:0, instance:com.chatak.qa.test.LogoutTest@2d8f65a4]" name="LogoutTC005" duration-ms="11179" started-at="2021-07-02T23:04:34 IST" description="Verify whether UI components are visible after logout" finished-at="2021-07-02T23:04:45 IST">
          <exception class="org.openqa.selenium.NoSuchElementException">
            <message>
              <![CDATA[no such element: Unable to locate element: {"method":"xpath","selector":"//a[normalize-space()='Logout']"}
  (Session info: chrome=91.0.4472.114)
For documentation on this error, please visit: http://seleniumhq.org/exceptions/no_such_element.html
Build info: version: '3.14.0', revision: 'aacccce0', time: '2018-08-02T20:19:58.91Z'
System info: host: 'KS-SUHAS-PC', ip: '10.212.134.104', os.name: 'Windows 10', os.arch: 'amd64', os.version: '10.0', java.version: '1.8.0_231'
Driver info: org.openqa.selenium.chrome.ChromeDriver
Capabilities {acceptInsecureCerts: false, browserName: chrome, browserVersion: 91.0.4472.114, chrome: {chromedriverVersion: 90.0.4430.24 (4c6d850f087da..., userDataDir: C:\Users\GSPLKL~1\AppData\L...}, goog:chromeOptions: {debuggerAddress: localhost:62456}, javascriptEnabled: true, networkConnectionEnabled: false, pageLoadStrategy: normal, platform: WINDOWS, platformName: WINDOWS, proxy: Proxy(), setWindowRect: true, strictFileInteractability: false, timeouts: {implicit: 0, pageLoad: 300000, script: 30000}, unhandledPromptBehavior: dismiss and notify, webauthn:extension:largeBlob: true, webauthn:virtualAuthenticators: true}
Session ID: d1cf494f868e6874ade6a652aa6c4232
*** Element info: {Using=xpath, value=//a[normalize-space()='Logout']}]]>
            </message>
            <full-stacktrace>
              <![CDATA[org.openqa.selenium.NoSuchElementException: no such element: Unable to locate element: {"method":"xpath","selector":"//a[normalize-space()='Logout']"}
  (Session info: chrome=91.0.4472.114)
For documentation on this error, please visit: http://seleniumhq.org/exceptions/no_such_element.html
Build info: version: '3.14.0', revision: 'aacccce0', time: '2018-08-02T20:19:58.91Z'
System info: host: 'KS-SUHAS-PC', ip: '10.212.134.104', os.name: 'Windows 10', os.arch: 'amd64', os.version: '10.0', java.version: '1.8.0_231'
Driver info: org.openqa.selenium.chrome.ChromeDriver
Capabilities {acceptInsecureCerts: false, browserName: chrome, browserVersion: 91.0.4472.114, chrome: {chromedriverVersion: 90.0.4430.24 (4c6d850f087da..., userDataDir: C:\Users\GSPLKL~1\AppData\L...}, goog:chromeOptions: {debuggerAddress: localhost:62456}, javascriptEnabled: true, networkConnectionEnabled: false, pageLoadStrategy: normal, platform: WINDOWS, platformName: WINDOWS, proxy: Proxy(), setWindowRect: true, strictFileInteractability: false, timeouts: {implicit: 0, pageLoad: 300000, script: 30000}, unhandledPromptBehavior: dismiss and notify, webauthn:extension:largeBlob: true, webauthn:virtualAuthenticators: true}
Session ID: d1cf494f868e6874ade6a652aa6c4232
*** Element info: {Using=xpath, value=//a[normalize-space()='Logout']}
at sun.reflect.NativeConstructorAccessorImpl.newInstance0(Native Method)
at sun.reflect.NativeConstructorAccessorImpl.newInstance(Unknown Source)
at sun.reflect.DelegatingConstructorAccessorImpl.newInstance(Unknown Source)
at java.lang.reflect.Constructor.newInstance(Unknown Source)
at org.openqa.selenium.remote.http.W3CHttpResponseCodec.createException(W3CHttpResponseCodec.java:187)
at org.openqa.selenium.remote.http.W3CHttpResponseCodec.decode(W3CHttpResponseCodec.java:122)
at org.openqa.selenium.remote.http.W3CHttpResponseCodec.decode(W3CHttpResponseCodec.java:49)
at org.openqa.selenium.remote.HttpCommandExecutor.execute(HttpCommandExecutor.java:158)
at org.openqa.selenium.remote.service.DriverCommandExecutor.execute(DriverCommandExecutor.java:83)
at org.openqa.selenium.remote.RemoteWebDriver.execute(RemoteWebDriver.java:548)
at org.openqa.selenium.remote.RemoteWebDriver.findElement(RemoteWebDriver.java:322)
at org.openqa.selenium.remote.RemoteWebDriver.findElementByXPath(RemoteWebDriver.java:424)
at org.openqa.selenium.By$ByXPath.findElement(By.java:353)
at org.openqa.selenium.remote.RemoteWebDriver.findElement(RemoteWebDriver.java:314)
at org.openqa.selenium.support.pagefactory.DefaultElementLocator.findElement(DefaultElementLocator.java:69)
at org.openqa.selenium.support.pagefactory.internal.LocatingElementHandler.invoke(LocatingElementHandler.java:38)
at com.sun.proxy.$Proxy10.click(Unknown Source)
at com.chatak.qa.test.LogoutTest.LogoutTC005(LogoutTest.java:71)
at sun.reflect.NativeMethodAccessorImpl.invoke0(Native Method)
at sun.reflect.NativeMethodAccessorImpl.invoke(Unknown Source)
at sun.reflect.DelegatingMethodAccessorImpl.invoke(Unknown Source)
at java.lang.reflect.Method.invoke(Unknown Source)
at org.testng.internal.MethodInvocationHelper.invokeMethod(MethodInvocationHelper.java:132)
at org.testng.internal.TestInvoker.invokeMethod(TestInvoker.java:599)
at org.testng.internal.TestInvoker.invokeTestMethod(TestInvoker.java:174)
at org.testng.internal.MethodRunner.runInSequence(MethodRunner.java:46)
at org.testng.internal.TestInvoker$MethodInvocationAgent.invoke(TestInvoker.java:822)
at org.testng.internal.TestInvoker.invokeTestMethods(TestInvoker.java:147)
at org.testng.internal.TestMethodWorker.invokeTestMethods(TestMethodWorker.java:146)
at org.testng.internal.TestMethodWorker.run(TestMethodWorker.java:128)
at java.util.ArrayList.forEach(Unknown Source)
at org.testng.TestRunner.privateRun(TestRunner.java:764)
at org.testng.TestRunner.run(TestRunner.java:585)
at org.testng.SuiteRunner.runTest(SuiteRunner.java:384)
at org.testng.SuiteRunner.runSequentially(SuiteRunner.java:378)
at org.testng.SuiteRunner.privateRun(SuiteRunner.java:337)
at org.testng.SuiteRunner.run(SuiteRunner.java:286)
at org.testng.SuiteRunnerWorker.runSuite(SuiteRunnerWorker.java:53)
at org.testng.SuiteRunnerWorker.run(SuiteRunnerWorker.java:96)
at org.testng.TestNG.runSuitesSequentially(TestNG.java:1218)
at org.testng.TestNG.runSuitesLocally(TestNG.java:1140)
at org.testng.TestNG.runSuites(TestNG.java:1069)
at org.testng.TestNG.run(TestNG.java:1037)
at org.testng.remote.AbstractRemoteTestNG.run(AbstractRemoteTestNG.java:115)
at org.testng.remote.RemoteTestNG.initAndRun(RemoteTestNG.java:251)
at org.testng.remote.RemoteTestNG.main(RemoteTestNG.java:77)
]]>
            </full-stacktrace>
          </exception> <!-- org.openqa.selenium.NoSuchElementException -->
          <reporter-output>
          </reporter-output>
        </test-method> <!-- LogoutTC005 -->
        <test-method status="PASS" signature="tearDown()[pri:0, instance:com.chatak.qa.test.LogoutTest@2d8f65a4]" name="tearDown" is-config="true" duration-ms="782" started-at="2021-07-02T23:04:45 IST" finished-at="2021-07-02T23:04:46 IST">
          <reporter-output>
          </reporter-output>
        </test-method> <!-- tearDown -->
      </class> <!-- com.chatak.qa.test.LogoutTest -->
    </test> <!-- Default test -->
  </suite> <!-- Default suite -->
</testng-results>
